  Group.cpp
E:\ProgrammingClass\Programming Tri 3 C++ II\Assigment1\Assigment1\Group.cpp(58,30): warning C4267: 'return': conversion from 'size_t' to 'int', possible loss of data
  Main.cpp
E:\ProgrammingClass\Programming Tri 3 C++ II\Assigment1\Assigment1\Main.cpp(24,15): warning C4244: 'argument': conversion from 'time_t' to 'unsigned int', possible loss of data
  Person.cpp
  Restaurant.cpp
E:\ProgrammingClass\Programming Tri 3 C++ II\Assigment1\Assigment1\Restaurant.cpp(19,29): error C2248: 'Group::Group': cannot access private member declared in class 'Group'
      E:\ProgrammingClass\Programming Tri 3 C++ II\Assigment1\Assigment1\Group.h(7,2):
      see declaration of 'Group::Group'
      E:\ProgrammingClass\Programming Tri 3 C++ II\Assigment1\Assigment1\Group.h(5,7):
      see declaration of 'Group'
  
E:\ProgrammingClass\Programming Tri 3 C++ II\Assigment1\Assigment1\Restaurant.cpp(27,14): error C2248: 'Group::SetTableNumber': cannot access private member declared in class 'Group'
      E:\ProgrammingClass\Programming Tri 3 C++ II\Assigment1\Assigment1\Group.h(23,7):
      see declaration of 'Group::SetTableNumber'
      E:\ProgrammingClass\Programming Tri 3 C++ II\Assigment1\Assigment1\Group.h(5,7):
      see declaration of 'Group'
  
E:\ProgrammingClass\Programming Tri 3 C++ II\Assigment1\Assigment1\Restaurant.cpp(28,14): error C2248: 'Group::SetStatus': cannot access private member declared in class 'Group'
      E:\ProgrammingClass\Programming Tri 3 C++ II\Assigment1\Assigment1\Group.h(12,7):
      see declaration of 'Group::SetStatus'
      E:\ProgrammingClass\Programming Tri 3 C++ II\Assigment1\Assigment1\Group.h(5,7):
      see declaration of 'Group'
  
E:\ProgrammingClass\Programming Tri 3 C++ II\Assigment1\Assigment1\Restaurant.cpp(30,67): error C2248: 'Group::GetMemberCount': cannot access private member declared in class 'Group'
      E:\ProgrammingClass\Programming Tri 3 C++ II\Assigment1\Assigment1\Group.h(26,6):
      see declaration of 'Group::GetMemberCount'
      E:\ProgrammingClass\Programming Tri 3 C++ II\Assigment1\Assigment1\Group.h(5,7):
      see declaration of 'Group'
  
E:\ProgrammingClass\Programming Tri 3 C++ II\Assigment1\Assigment1\Restaurant.cpp(31,48): error C2248: 'Group::GetContactName': cannot access private member declared in class 'Group'
      E:\ProgrammingClass\Programming Tri 3 C++ II\Assigment1\Assigment1\Group.h(9,14):
      see declaration of 'Group::GetContactName'
      E:\ProgrammingClass\Programming Tri 3 C++ II\Assigment1\Assigment1\Group.h(5,7):
      see declaration of 'Group'
  
E:\ProgrammingClass\Programming Tri 3 C++ II\Assigment1\Assigment1\Restaurant.cpp(38,66): error C2248: 'Group::GetMemberCount': cannot access private member declared in class 'Group'
      E:\ProgrammingClass\Programming Tri 3 C++ II\Assigment1\Assigment1\Group.h(26,6):
      see declaration of 'Group::GetMemberCount'
      E:\ProgrammingClass\Programming Tri 3 C++ II\Assigment1\Assigment1\Group.h(5,7):
      see declaration of 'Group'
  
E:\ProgrammingClass\Programming Tri 3 C++ II\Assigment1\Assigment1\Restaurant.cpp(39,47): error C2248: 'Group::GetContactName': cannot access private member declared in class 'Group'
      E:\ProgrammingClass\Programming Tri 3 C++ II\Assigment1\Assigment1\Group.h(9,14):
      see declaration of 'Group::GetContactName'
      E:\ProgrammingClass\Programming Tri 3 C++ II\Assigment1\Assigment1\Group.h(5,7):
      see declaration of 'Group'
  
E:\ProgrammingClass\Programming Tri 3 C++ II\Assigment1\Assigment1\Restaurant.cpp(43,25): error C2248: 'Group::GetContactName': cannot access private member declared in class 'Group'
      E:\ProgrammingClass\Programming Tri 3 C++ II\Assigment1\Assigment1\Group.h(9,14):
      see declaration of 'Group::GetContactName'
      E:\ProgrammingClass\Programming Tri 3 C++ II\Assigment1\Assigment1\Group.h(5,7):
      see declaration of 'Group'
  
E:\ProgrammingClass\Programming Tri 3 C++ II\Assigment1\Assigment1\Restaurant.cpp(50,16): error C2248: 'Group::GetTableNumber': cannot access private member declared in class 'Group'
      E:\ProgrammingClass\Programming Tri 3 C++ II\Assigment1\Assigment1\Group.h(27,6):
      see declaration of 'Group::GetTableNumber'
      E:\ProgrammingClass\Programming Tri 3 C++ II\Assigment1\Assigment1\Group.h(5,7):
      see declaration of 'Group'
  
E:\ProgrammingClass\Programming Tri 3 C++ II\Assigment1\Assigment1\Restaurant.cpp(71,35): error C2248: 'Group::GetStatus': cannot access private member declared in class 'Group'
      E:\ProgrammingClass\Programming Tri 3 C++ II\Assigment1\Assigment1\Group.h(25,6):
      see declaration of 'Group::GetStatus'
      E:\ProgrammingClass\Programming Tri 3 C++ II\Assigment1\Assigment1\Group.h(5,7):
      see declaration of 'Group'
  
E:\ProgrammingClass\Programming Tri 3 C++ II\Assigment1\Assigment1\Restaurant.cpp(77,15): error C2248: 'Group::UpdateFrames': cannot access private member declared in class 'Group'
      E:\ProgrammingClass\Programming Tri 3 C++ II\Assigment1\Assigment1\Group.h(29,7):
      see declaration of 'Group::UpdateFrames'
      E:\ProgrammingClass\Programming Tri 3 C++ II\Assigment1\Assigment1\Group.h(5,7):
      see declaration of 'Group'
  
E:\ProgrammingClass\Programming Tri 3 C++ II\Assigment1\Assigment1\Restaurant.cpp(101,16): error C2248: 'Group::SetTableNumber': cannot access private member declared in class 'Group'
      E:\ProgrammingClass\Programming Tri 3 C++ II\Assigment1\Assigment1\Group.h(23,7):
      see declaration of 'Group::SetTableNumber'
      E:\ProgrammingClass\Programming Tri 3 C++ II\Assigment1\Assigment1\Group.h(5,7):
      see declaration of 'Group'
  
E:\ProgrammingClass\Programming Tri 3 C++ II\Assigment1\Assigment1\Restaurant.cpp(102,16): error C2248: 'Group::SetStatus': cannot access private member declared in class 'Group'
      E:\ProgrammingClass\Programming Tri 3 C++ II\Assigment1\Assigment1\Group.h(12,7):
      see declaration of 'Group::SetStatus'
      E:\ProgrammingClass\Programming Tri 3 C++ II\Assigment1\Assigment1\Group.h(5,7):
      see declaration of 'Group'
  
E:\ProgrammingClass\Programming Tri 3 C++ II\Assigment1\Assigment1\Restaurant.cpp(105,55): error C2248: 'Group::GetContactName': cannot access private member declared in class 'Group'
      E:\ProgrammingClass\Programming Tri 3 C++ II\Assigment1\Assigment1\Group.h(9,14):
      see declaration of 'Group::GetContactName'
      E:\ProgrammingClass\Programming Tri 3 C++ II\Assigment1\Assigment1\Group.h(5,7):
      see declaration of 'Group'
  
E:\ProgrammingClass\Programming Tri 3 C++ II\Assigment1\Assigment1\Restaurant.cpp(140,29): error C2248: 'Group::GetStatus': cannot access private member declared in class 'Group'
      E:\ProgrammingClass\Programming Tri 3 C++ II\Assigment1\Assigment1\Group.h(25,6):
      see declaration of 'Group::GetStatus'
      E:\ProgrammingClass\Programming Tri 3 C++ II\Assigment1\Assigment1\Group.h(5,7):
      see declaration of 'Group'
  
E:\ProgrammingClass\Programming Tri 3 C++ II\Assigment1\Assigment1\Restaurant.cpp(141,24): error C2248: 'Group::GetTableNumber': cannot access private member declared in class 'Group'
      E:\ProgrammingClass\Programming Tri 3 C++ II\Assigment1\Assigment1\Group.h(27,6):
      see declaration of 'Group::GetTableNumber'
      E:\ProgrammingClass\Programming Tri 3 C++ II\Assigment1\Assigment1\Group.h(5,7):
      see declaration of 'Group'
  
E:\ProgrammingClass\Programming Tri 3 C++ II\Assigment1\Assigment1\Restaurant.cpp(151,10): error C2248: 'Group::SetStatus': cannot access private member declared in class 'Group'
      E:\ProgrammingClass\Programming Tri 3 C++ II\Assigment1\Assigment1\Group.h(12,7):
      see declaration of 'Group::SetStatus'
      E:\ProgrammingClass\Programming Tri 3 C++ II\Assigment1\Assigment1\Group.h(5,7):
      see declaration of 'Group'
  
E:\ProgrammingClass\Programming Tri 3 C++ II\Assigment1\Assigment1\Restaurant.cpp(152,49): error C2248: 'Group::GetContactName': cannot access private member declared in class 'Group'
      E:\ProgrammingClass\Programming Tri 3 C++ II\Assigment1\Assigment1\Group.h(9,14):
      see declaration of 'Group::GetContactName'
      E:\ProgrammingClass\Programming Tri 3 C++ II\Assigment1\Assigment1\Group.h(5,7):
      see declaration of 'Group'
  
E:\ProgrammingClass\Programming Tri 3 C++ II\Assigment1\Assigment1\Restaurant.cpp(160,10): error C2248: 'Group::SetStatus': cannot access private member declared in class 'Group'
      E:\ProgrammingClass\Programming Tri 3 C++ II\Assigment1\Assigment1\Group.h(12,7):
      see declaration of 'Group::SetStatus'
      E:\ProgrammingClass\Programming Tri 3 C++ II\Assigment1\Assigment1\Group.h(5,7):
      see declaration of 'Group'
  
E:\ProgrammingClass\Programming Tri 3 C++ II\Assigment1\Assigment1\Restaurant.cpp(161,10): error C2248: 'Group::SetRemainingFrames': cannot access private member declared in class 'Group'
      E:\ProgrammingClass\Programming Tri 3 C++ II\Assigment1\Assigment1\Group.h(22,7):
      see declaration of 'Group::SetRemainingFrames'
      E:\ProgrammingClass\Programming Tri 3 C++ II\Assigment1\Assigment1\Group.h(5,7):
      see declaration of 'Group'
  
E:\ProgrammingClass\Programming Tri 3 C++ II\Assigment1\Assigment1\Restaurant.cpp(162,49): error C2248: 'Group::GetContactName': cannot access private member declared in class 'Group'
      E:\ProgrammingClass\Programming Tri 3 C++ II\Assigment1\Assigment1\Group.h(9,14):
      see declaration of 'Group::GetContactName'
      E:\ProgrammingClass\Programming Tri 3 C++ II\Assigment1\Assigment1\Group.h(5,7):
      see declaration of 'Group'
  
E:\ProgrammingClass\Programming Tri 3 C++ II\Assigment1\Assigment1\Restaurant.cpp(169,10): error C2248: 'Group::SetStatus': cannot access private member declared in class 'Group'
      E:\ProgrammingClass\Programming Tri 3 C++ II\Assigment1\Assigment1\Group.h(12,7):
      see declaration of 'Group::SetStatus'
      E:\ProgrammingClass\Programming Tri 3 C++ II\Assigment1\Assigment1\Group.h(5,7):
      see declaration of 'Group'
  
E:\ProgrammingClass\Programming Tri 3 C++ II\Assigment1\Assigment1\Restaurant.cpp(170,64): error C2248: 'Group::GetContactName': cannot access private member declared in class 'Group'
      E:\ProgrammingClass\Programming Tri 3 C++ II\Assigment1\Assigment1\Group.h(9,14):
      see declaration of 'Group::GetContactName'
      E:\ProgrammingClass\Programming Tri 3 C++ II\Assigment1\Assigment1\Group.h(5,7):
      see declaration of 'Group'
  
E:\ProgrammingClass\Programming Tri 3 C++ II\Assigment1\Assigment1\Restaurant.cpp(177,10): error C2248: 'Group::SetStatus': cannot access private member declared in class 'Group'
      E:\ProgrammingClass\Programming Tri 3 C++ II\Assigment1\Assigment1\Group.h(12,7):
      see declaration of 'Group::SetStatus'
      E:\ProgrammingClass\Programming Tri 3 C++ II\Assigment1\Assigment1\Group.h(5,7):
      see declaration of 'Group'
  
E:\ProgrammingClass\Programming Tri 3 C++ II\Assigment1\Assigment1\Restaurant.cpp(178,49): error C2248: 'Group::GetContactName': cannot access private member declared in class 'Group'
      E:\ProgrammingClass\Programming Tri 3 C++ II\Assigment1\Assigment1\Group.h(9,14):
      see declaration of 'Group::GetContactName'
      E:\ProgrammingClass\Programming Tri 3 C++ II\Assigment1\Assigment1\Group.h(5,7):
      see declaration of 'Group'
  
E:\ProgrammingClass\Programming Tri 3 C++ II\Assigment1\Assigment1\Restaurant.cpp(186,28): error C2248: 'Group::GetTableNumber': cannot access private member declared in class 'Group'
      E:\ProgrammingClass\Programming Tri 3 C++ II\Assigment1\Assigment1\Group.h(27,6):
      see declaration of 'Group::GetTableNumber'
      E:\ProgrammingClass\Programming Tri 3 C++ II\Assigment1\Assigment1\Group.h(5,7):
      see declaration of 'Group'
  
E:\ProgrammingClass\Programming Tri 3 C++ II\Assigment1\Assigment1\Restaurant.cpp(187,10): error C2248: 'Group::SetStatus': cannot access private member declared in class 'Group'
      E:\ProgrammingClass\Programming Tri 3 C++ II\Assigment1\Assigment1\Group.h(12,7):
      see declaration of 'Group::SetStatus'
      E:\ProgrammingClass\Programming Tri 3 C++ II\Assigment1\Assigment1\Group.h(5,7):
      see declaration of 'Group'
  
E:\ProgrammingClass\Programming Tri 3 C++ II\Assigment1\Assigment1\Restaurant.cpp(194,49): error C2248: 'Group::GetContactName': cannot access private member declared in class 'Group'
      E:\ProgrammingClass\Programming Tri 3 C++ II\Assigment1\Assigment1\Group.h(9,14):
      see declaration of 'Group::GetContactName'
      E:\ProgrammingClass\Programming Tri 3 C++ II\Assigment1\Assigment1\Group.h(5,7):
      see declaration of 'Group'
  
E:\ProgrammingClass\Programming Tri 3 C++ II\Assigment1\Assigment1\Restaurant.cpp(203,24): error C2248: 'Group::GetMembers': cannot access private member declared in class 'Group'
      E:\ProgrammingClass\Programming Tri 3 C++ II\Assigment1\Assigment1\Group.h(10,20):
      see declaration of 'Group::GetMembers'
      E:\ProgrammingClass\Programming Tri 3 C++ II\Assigment1\Assigment1\Group.h(5,7):
      see declaration of 'Group'
  
E:\ProgrammingClass\Programming Tri 3 C++ II\Assigment1\Assigment1\Restaurant.cpp(215,24): error C2248: 'Group::GetMembers': cannot access private member declared in class 'Group'
      E:\ProgrammingClass\Programming Tri 3 C++ II\Assigment1\Assigment1\Group.h(10,20):
      see declaration of 'Group::GetMembers'
      E:\ProgrammingClass\Programming Tri 3 C++ II\Assigment1\Assigment1\Group.h(5,7):
      see declaration of 'Group'
  
E:\ProgrammingClass\Programming Tri 3 C++ II\Assigment1\Assigment1\Restaurant.cpp(224,24): error C2248: 'Group::GetTableNumber': cannot access private member declared in class 'Group'
      E:\ProgrammingClass\Programming Tri 3 C++ II\Assigment1\Assigment1\Group.h(27,6):
      see declaration of 'Group::GetTableNumber'
      E:\ProgrammingClass\Programming Tri 3 C++ II\Assigment1\Assigment1\Group.h(5,7):
      see declaration of 'Group'
  
E:\ProgrammingClass\Programming Tri 3 C++ II\Assigment1\Assigment1\Restaurant.cpp(225,41): error C2248: 'Group::GetContactName': cannot access private member declared in class 'Group'
      E:\ProgrammingClass\Programming Tri 3 C++ II\Assigment1\Assigment1\Group.h(9,14):
      see declaration of 'Group::GetContactName'
      E:\ProgrammingClass\Programming Tri 3 C++ II\Assigment1\Assigment1\Group.h(5,7):
      see declaration of 'Group'
  
E:\ProgrammingClass\Programming Tri 3 C++ II\Assigment1\Assigment1\Restaurant.cpp(324,1): error C1075: '{': no matching token found
  Restaurant.h
  Generating Code...
